<?xml version="1.0" encoding="UTF-8" ?>
<testsuite errors="0" failures="1" hostname="Nail-PC" name="lab1.Items.BrickTest" skipped="0" tests="1" time="0.13" timestamp="2014-11-10T11:18:14">
  <properties>
    <property name="default.javac.source" value="1.7" />
    <property name="file.encoding.pkg" value="sun.io" />
    <property name="javac.source" value="1.8" />
    <property name="testng.debug.mode" value="" />
    <property name="java.home" value="C:\Program Files\Java\jdk1.8.0_20\jre" />
    <property name="platforms.JDK1.8.bootclasspath" value="C:\Program Files\Java\jdk1.8.0_20\jre\lib\resources.jar;C:\Program Files\Java\jdk1.8.0_20\jre\lib\rt.jar;C:\Program Files\Java\jdk1.8.0_20\jre\lib\sunrsasign.jar;C:\Program Files\Java\jdk1.8.0_20\jre\lib\jsse.jar;C:\Program Files\Java\jdk1.8.0_20\jre\lib\jce.jar;C:\Program Files\Java\jdk1.8.0_20\jre\lib\charsets.jar;C:\Program Files\Java\jdk1.8.0_20\jre\lib\jfr.jar;C:\Program Files\Java\jdk1.8.0_20\jre\classes;C:\Program Files\Java\jdk1.8.0_20\jre\lib\ext\access-bridge-64.jar;C:\Program Files\Java\jdk1.8.0_20\jre\lib\ext\cldrdata.jar;C:\Program Files\Java\jdk1.8.0_20\jre\lib\ext\dnsns.jar;C:\Program Files\Java\jdk1.8.0_20\jre\lib\ext\jaccess.jar;C:\Program Files\Java\jdk1.8.0_20\jre\lib\ext\jfxrt.jar;C:\Program Files\Java\jdk1.8.0_20\jre\lib\ext\localedata.jar;C:\Program Files\Java\jdk1.8.0_20\jre\lib\ext\nashorn.jar;C:\Program Files\Java\jdk1.8.0_20\jre\lib\ext\sunec.jar;C:\Program Files\Java\jdk1.8.0_20\jre\lib\ext\sunjce_provider.jar;C:\Program Files\Java\jdk1.8.0_20\jre\lib\ext\sunmscapi.jar;C:\Program Files\Java\jdk1.8.0_20\jre\lib\ext\sunpkcs11.jar;C:\Program Files\Java\jdk1.8.0_20\jre\lib\ext\zipfs.jar" />
    <property name="platform.home" value="C:\Program Files\Java\jdk1.8.0_20" />
    <property name="test.src.dir" value="test" />
    <property name="libs.JAXB-ENDORSED.javadoc" value="" />
    <property name="sun.java2d.dpiaware" value="true" />
    <property name="libs.jaxws21.src" value="" />
    <property name="javadoc.version" value="false" />
    <property name="libs.CopyLibs.classpath" value="C:\Program Files\NetBeans 8.0\java\ant\extra\org-netbeans-modules-java-j2seproject-copylibstask.jar" />
    <property name="libs.javac-api.src" value="" />
    <property name="libs.JAVADB_DRIVER_LABEL.classpath" value="C:\Program Files\Java\jdk1.7.0_45\db\lib\derby.jar;C:\Program Files\Java\jdk1.7.0_45\db\lib\derbyclient.jar;C:\Program Files\Java\jdk1.7.0_45\db\lib\derbynet.jar" />
    <property name="java.endorsed.dirs" value="C:\Program Files\Java\jdk1.8.0_20\jre\lib\endorsed" />
    <property name="libs.MySQLDriver.classpath" value="C:\Program Files\NetBeans 8.0\ide\modules\ext\mysql-connector-java-5.1.23-bin.jar" />
    <property name="libs.jaxb.javadoc" value="C:\Program Files\NetBeans 8.0\ide\docs\jaxb-api-doc.zip" />
    <property name="libs.junit.maven-pom" value="" />
    <property name="libs.PostgreSQLDriver.src" value="" />
    <property name="src.dir" value="src" />
    <property name="sun.java2d.noddraw" value="true" />
    <property name="debug-args-line" value="-Xdebug" />
    <property name="netbeans.hash.code" value="unique=NB_EXTIDE_PHP_WEBCOMMON0554c9c43-ec6a-43f0-96d8-a38281864c13_fdd0bb53-713d-413b-af2e-41bd44f328e9" />
    <property name="build.sysclasspath" value="ignore" />
    <property name="have.sources" value="true" />
    <property name="includes" value="**" />
    <property name="source.encoding" value="UTF-8" />
    <property name="libs.jaxws21.classpath" value="C:\Program Files\NetBeans 8.0\ide\modules\ext\jaxb\jaxb-impl.jar;C:\Program Files\NetBeans 8.0\ide\modules\ext\jaxb\jaxb-xjc.jar;C:\Program Files\NetBeans 8.0\java\modules\ext\jaxws22\FastInfoset.jar;C:\Program Files\NetBeans 8.0\java\modules\ext\jaxws22\gmbal-api-only.jar;C:\Program Files\NetBeans 8.0\java\modules\ext\jaxws22\ha-api.jar;C:\Program Files\NetBeans 8.0\java\modules\ext\jaxws22\javax.mail_1.4.jar;C:\Program Files\NetBeans 8.0\java\modules\ext\jaxws22\jaxws-rt.jar;C:\Program Files\NetBeans 8.0\java\modules\ext\jaxws22\jaxws-tools.jar;C:\Program Files\NetBeans 8.0\java\modules\ext\jaxws22\management-api.jar;C:\Program Files\NetBeans 8.0\java\modules\ext\jaxws22\mimepull.jar;C:\Program Files\NetBeans 8.0\java\modules\ext\jaxws22\policy.jar;C:\Program Files\NetBeans 8.0\java\modules\ext\jaxws22\saaj-impl.jar;C:\Program Files\NetBeans 8.0\java\modules\ext\jaxws22\stax-ex.jar;C:\Program Files\NetBeans 8.0\java\modules\ext\jaxws22\stax2-api.jar;C:\Program Files\NetBeans 8.0\java\modules\ext\jaxws22\streambuffer.jar;C:\Program Files\NetBeans 8.0\java\modules\ext\jaxws22\woodstox-core-asl.jar;C:\Program Files\NetBeans 8.0\java\modules\ext\jaxws22\api\jaxws-api.jar;C:\Program Files\NetBeans 8.0\java\modules\ext\jaxws22\api\jsr181-api.jar;C:\Program Files\NetBeans 8.0\java\modules\ext\jaxws22\api\javax.annotation.jar;C:\Program Files\NetBeans 8.0\java\modules\ext\jaxws22\api\saaj-api.jar;C:\Program Files\NetBeans 8.0\ide\modules\ext\jaxb\activation.jar;C:\Program Files\NetBeans 8.0\ide\modules\ext\jaxb\api\jaxb-api.jar;C:\Program Files\NetBeans 8.0\ide\modules\ext\jaxb\api\jsr173_1.0_api.jar" />
    <property name="ant.file.lab1" value="C:\Users\Nail\Documents\NetBeansProjects\lab1\build.xml" />
    <property name="libs.JAVADB_DRIVER_LABEL.src" value="" />
    <property name="sun.os.patch.level" value="Service Pack 1" />
    <property name="java.vendor.url" value="http://java.oracle.com/" />
    <property name="platform.bootcp" value="C:\Program Files\Java\jdk1.8.0_20\jre\lib\resources.jar;C:\Program Files\Java\jdk1.8.0_20\jre\lib\rt.jar;C:\Program Files\Java\jdk1.8.0_20\jre\lib\sunrsasign.jar;C:\Program Files\Java\jdk1.8.0_20\jre\lib\jsse.jar;C:\Program Files\Java\jdk1.8.0_20\jre\lib\jce.jar;C:\Program Files\Java\jdk1.8.0_20\jre\lib\charsets.jar;C:\Program Files\Java\jdk1.8.0_20\jre\lib\jfr.jar;C:\Program Files\Java\jdk1.8.0_20\jre\classes;C:\Program Files\Java\jdk1.8.0_20\jre\lib\ext\access-bridge-64.jar;C:\Program Files\Java\jdk1.8.0_20\jre\lib\ext\cldrdata.jar;C:\Program Files\Java\jdk1.8.0_20\jre\lib\ext\dnsns.jar;C:\Program Files\Java\jdk1.8.0_20\jre\lib\ext\jaccess.jar;C:\Program Files\Java\jdk1.8.0_20\jre\lib\ext\jfxrt.jar;C:\Program Files\Java\jdk1.8.0_20\jre\lib\ext\localedata.jar;C:\Program Files\Java\jdk1.8.0_20\jre\lib\ext\nashorn.jar;C:\Program Files\Java\jdk1.8.0_20\jre\lib\ext\sunec.jar;C:\Program Files\Java\jdk1.8.0_20\jre\lib\ext\sunjce_provider.jar;C:\Program Files\Java\jdk1.8.0_20\jre\lib\ext\sunmscapi.jar;C:\Program Files\Java\jdk1.8.0_20\jre\lib\ext\sunpkcs11.jar;C:\Program Files\Java\jdk1.8.0_20\jre\lib\ext\zipfs.jar" />
    <property name="java.version" value="1.8.0_20" />
    <property name="nb.show.statistics.ui" value="usageStatisticsEnabled" />
    <property name="libs.testng.src" value="" />
    <property name="javac.debug" value="true" />
    <property name="org.openide.major.version" value="IDE/1" />
    <property name="libs.JAXB-ENDORSED.classpath" value="C:\Program Files\NetBeans 8.0\ide\modules\ext\jaxb\api\jaxb-api.jar" />
    <property name="run.classpath" value=":build/classes" />
    <property name="libs.PostgreSQLDriver.maven-pom" value="" />
    <property name="java.vendor.url.bug" value="http://bugreport.sun.com/bugreport/" />
    <property name="netbeans.autoupdate.variant" value="" />
    <property name="platform.javadoc" value="C:\Program Files\Java\jdk1.8.0_20/bin/javadoc" />
    <property name="libs.junit_4.maven-pom" value="" />
    <property name="netbeans.buildnumber" value="201408251540" />
    <property name="ant.project.invoked-targets" value="test" />
    <property name="annotation.processing.run.all.processors" value="true" />
    <property name="manifest.file" value="manifest.mf" />
    <property name="user.name" value="Nail" />
    <property name="libs.testng.maven-pom" value="" />
    <property name="empty.dir" value="C:\Users\Nail\Documents\NetBeansProjects\lab1\build\empty" />
    <property name="sun.io.unicode.encoding" value="UnicodeLittle" />
    <property name="sun.jnu.encoding" value="Cp1251" />
    <property name="java.runtime.name" value="Java(TM) SE Runtime Environment" />
    <property name="php.global.include.path" value="" />
    <property name="jdk.home" value="C:\Program Files\Java\jdk1.7.0_45" />
    <property name="sun.awt.keepWorkingSetOnMinimize" value="true" />
    <property name="netbeans.autoupdate.version" value="1.23" />
    <property name="netbeans.dirs" value="C:\Program Files\NetBeans 8.0\nb;C:\Program Files\NetBeans 8.0\ergonomics;C:\Program Files\NetBeans 8.0\ide;C:\Program Files\NetBeans 8.0\extide;C:\Program Files\NetBeans 8.0\java;C:\Program Files\NetBeans 8.0\apisupport;C:\Program Files\NetBeans 8.0\webcommon;C:\Program Files\NetBeans 8.0\websvccommon;C:\Program Files\NetBeans 8.0\enterprise;C:\Program Files\NetBeans 8.0\mobility;C:\Program Files\NetBeans 8.0\profiler;C:\Program Files\NetBeans 8.0\python;C:\Program Files\NetBeans 8.0\php;C:\Program Files\NetBeans 8.0\identity;C:\Program Files\NetBeans 8.0\harness;C:\Program Files\NetBeans 8.0\cnd;C:\Program Files\NetBeans 8.0\dlight;C:\Program Files\NetBeans 8.0\groovy;C:\Program Files\NetBeans 8.0\extra;C:\Program Files\NetBeans 8.0\javacard;C:\Program Files\NetBeans 8.0\javafx" />
    <property name="main.class.available" value="true" />
    <property name="java.specification.name" value="Java Platform API Specification" />
    <property name="sun.awt.datatransfer.timeout" value="1000" />
    <property name="javadoc.author" value="false" />
    <property name="ap.proc.none.internal" value="" />
    <property name="user.timezone" value="Asia/Yekaterinburg" />
    <property name="nb.native.filechooser" value="false" />
    <property name="manifest.available" value="true" />
    <property name="libs.junit.javadoc" value="C:\Program Files\NetBeans 8.0\java\docs\junit-3.8.2-api.zip" />
    <property name="org.openide.specification.version" value="6.2" />
    <property name="user.script" value="" />
    <property name="path.separator" value=";" />
    <property name="testng.mode" value="testng" />
    <property name="version-output" value="java version &quot;1.8.0_20&quot;&#xd;&#xa;Java(TM) SE Runtime Environment (build 1.8.0_20-b26)&#xd;&#xa;Java HotSpot(TM) 64-Bit Server VM (build 25.20-b23, mixed mode)" />
    <property name="libs.jaxb.maven-pom" value="" />
    <property name="netbeans.accept_license_class" value="org.netbeans.license.AcceptLicense" />
    <property name="platform.java.tmp" value="${platforms.JDK1.8.java}" />
    <property name="file.encoding" value="Cp1251" />
    <property name="dist.javadoc.dir" value="dist/javadoc" />
    <property name="ant.project.default-target" value="default" />
    <property name="javac.profile.cmd.line.arg" value="" />
    <property name="libs.JAXB-ENDORSED.src" value="" />
    <property name="sun.java.command" value="org.apache.tools.ant.taskdefs.optional.junit.JUnitTestRunner lab1.Items.BrickTest skipNonTests=false filtertrace=true haltOnError=false haltOnFailure=false showoutput=true outputtoformatters=true logfailedtests=true threadid=0 logtestlistenerevents=true formatter=org.apache.tools.ant.taskdefs.optional.junit.BriefJUnitResultFormatter formatter=org.apache.tools.ant.taskdefs.optional.junit.XMLJUnitResultFormatter,C:\Users\Nail\Documents\NetBeansProjects\lab1\build\test\results\TEST-lab1.Items.BrickTest.xml crashfile=C:\Users\Nail\Documents\NetBeansProjects\lab1\build\junitvmwatcher3225816686656854516.properties propsfile=C:\Users\Nail\Documents\NetBeansProjects\lab1\build\junit8921777808025909917.properties" />
    <property name="built-jar.properties" value="C:\Users\Nail\Documents\NetBeansProjects\lab1\build\built-jar.properties" />
    <property name="libs.junit.src" value="" />
    <property name="ant.junit.enabletestlistenerevents" value="true" />
    <property name="ant.file.type.lab1-impl" value="file" />
    <property name="ant.file" value="C:\Users\Nail\Documents\NetBeansProjects\lab1\build.xml" />
    <property name="libs.junit_4.src" value="C:\Program Files\NetBeans 8.0\java\docs\junit-4.10-sources.jar" />
    <property name="junit.available" value="true" />
    <property name="netbeans.autoupdate.language" value="ru" />
    <property name="java.io.tmpdir" value="C:\Users\Nail\AppData\Local\Temp\" />
    <property name="build.test.results.dir" value="build/test/results" />
    <property name="user.language" value="ru" />
    <property name="line.separator" value="&#xd;&#xa;" />
    <property name="apple.laf.useScreenMenuBar" value="true" />
    <property name="javac.compilerargs" value="" />
    <property name="ant.file.type.lab1" value="file" />
    <property name="jar.compress" value="false" />
    <property name="debug-transport-by-os" value="dt_shmem" />
    <property name="libs.JWSAntTasks.src" value="" />
    <property name="java.vm.info" value="mixed mode" />
    <property name="libs.javac-api.maven-pom" value="" />
    <property name="javadoc.private" value="false" />
    <property name="annotation.processing.processors.list" value="" />
    <property name="sun.desktop" value="windows" />
    <property name="build.test.classes.dir" value="build/test/classes" />
    <property name="java.vm.specification.name" value="Java Virtual Machine Specification" />
    <property name="libs.jaxb.src" value="" />
    <property name="libs.MySQLDriver.javadoc" value="" />
    <property name="test.binaryexcludes" value="" />
    <property name="netbeans.dynamic.classpath" value="C:\Program Files\NetBeans 8.0\platform\core\core.jar;C:\Program Files\NetBeans 8.0\platform\core\org-openide-filesystems.jar;C:\Program Files\NetBeans 8.0\platform\core\locale\core_ja.jar;C:\Program Files\NetBeans 8.0\platform\core\locale\core_pt_BR.jar;C:\Program Files\NetBeans 8.0\platform\core\locale\core_ru.jar;C:\Program Files\NetBeans 8.0\platform\core\locale\core_zh_CN.jar;C:\Program Files\NetBeans 8.0\platform\core\locale\org-openide-filesystems_ja.jar;C:\Program Files\NetBeans 8.0\platform\core\locale\org-openide-filesystems_pt_BR.jar;C:\Program Files\NetBeans 8.0\platform\core\locale\org-openide-filesystems_ru.jar;C:\Program Files\NetBeans 8.0\platform\core\locale\org-openide-filesystems_zh_CN.jar;C:\Program Files\NetBeans 8.0\nb\core\org-netbeans-upgrader.jar;C:\Program Files\NetBeans 8.0\nb\core\locale\core_nb.jar;C:\Program Files\NetBeans 8.0\nb\core\locale\core_nb_ja.jar;C:\Program Files\NetBeans 8.0\nb\core\locale\core_nb_pt_BR.jar;C:\Program Files\NetBeans 8.0\nb\core\locale\core_nb_ru.jar;C:\Program Files\NetBeans 8.0\nb\core\locale\core_nb_zh_CN.jar;C:\Program Files\NetBeans 8.0\nb\core\locale\org-netbeans-upgrader_ja.jar;C:\Program Files\NetBeans 8.0\nb\core\locale\org-netbeans-upgrader_pt_BR.jar;C:\Program Files\NetBeans 8.0\nb\core\locale\org-netbeans-upgrader_ru.jar;C:\Program Files\NetBeans 8.0\nb\core\locale\org-netbeans-upgrader_zh_CN.jar" />
    <property name="platform.active" value="JDK1.8" />
    <property name="ap.cmd.line.internal" value="" />
    <property name="platform.javac" value="C:\Program Files\Java\jdk1.8.0_20/bin/javac" />
    <property name="libs.junit_4.javadoc" value="C:\Program Files\NetBeans 8.0\java\docs\junit-4.10-javadoc.jar" />
    <property name="netbeans.autoupdate.country" value="RU" />
    <property name="do.mkdist" value="true" />
    <property name="javadoc.encoding" value="UTF-8" />
    <property name="java.awt.printerjob" value="sun.awt.windows.WPrinterJob" />
    <property name="ap.processors.internal" value="" />
    <property name="do.archive" value="true" />
    <property name="dist.jar" value="dist/lab1.jar" />
    <property name="meta.inf.dir" value="src/META-INF" />
    <property name="ant.version" value="Apache Ant(TM) version 1.9.4 compiled on April 29 2014" />
    <property name="netbeans.home" value="C:\Program Files\NetBeans 8.0\platform" />
    <property name="javadoc.nonavbar" value="false" />
    <property name="user.properties.file" value="C:\Users\Nail\AppData\Roaming\NetBeans\8.0\build.properties" />
    <property name="libs.JWSAntTasks.classpath" value="C:\Program Files\NetBeans 8.0\java\ant\extra\org-netbeans-modules-javawebstart-anttasks.jar" />
    <property name="netbeans.importclass" value="org.netbeans.upgrade.AutoUpgrade" />
    <property name="annotation.processing.source.output" value="build/generated-sources/ap-source-output" />
    <property name="libs.CopyLibs.maven-pom" value="" />
    <property name="build.generated.dir" value="build/generated" />
    <property name="netbeans.home+have.tests" value="true" />
    <property name="apple.awt.graphics.UseQuartz" value="true" />
    <property name="os.name" value="Windows 7" />
    <property name="java.specification.vendor" value="Oracle Corporation" />
    <property name="run.test.classpath" value=":build/classes:C:\Program Files\NetBeans 8.0\platform\modules\ext\junit-4.10.jar:build/test/classes" />
    <property name="nb.wait.for.caches" value="true" />
    <property name="do.archive+main.class.available" value="true" />
    <property name="java.vm.name" value="Java HotSpot(TM) 64-Bit Server VM" />
    <property name="libs.CopyLibs.src" value="" />
    <property name="org.openide.version" value="deprecated" />
    <property name="sun.awt.enableExtraMouseButtons" value="true" />
    <property name="libs.junit.classpath" value="C:\Program Files\NetBeans 8.0\java\modules\ext\junit-3.8.2.jar" />
    <property name="java.library.path" value="C:\Program Files\Java\jdk1.8.0_20\bin;C:\Windows\Sun\Java\bin;C:\Windows\system32;C:\Windows;C:\ProgramData\Oracle\Java\javapath;C:\Program Files (x86)\Sent;C:\Windows\system32;C:\Windows;C:\Windows\System32\Wbem;C:\Windows\System32\WindowsPowerShell\v1.0\;C:\Program Files (x86)\ATI Technologies\ATI.ACE\Core-Static;C:\Program Files\Microsoft\Web Platform Installer\;C:\Program Files (x86)\Microsoft ASP.NET\ASP.NET Web Pages\v1.0\;C:\Program Files\Microsoft SQL Server\110\Tools\Binn\;C:\Program Files (x86)\Common Files\Acronis\SnapAPI\;C:\Program Files (x86)\Windows Kits\8.1\Windows Performance Toolkit\;C:\Program Files (x86)\Git\cmd;C:\php;C:\Program Files (x86)\MySQL\MySQL Server 5.5\bin;c:\Program Files (x86)\Microsoft SQL Server\100\Tools\Binn\;c:\Program Files\Microsoft SQL Server\100\Tools\Binn\;c:\Program Files\Microsoft SQL Server\100\DTS\Binn\;c:\Program Files (x86)\Microsoft SQL Server\100\Tools\Binn\VSShell\Common7\IDE\;c:\Program Files (x86)\Microsoft Visual Studio 9.0\Common7\IDE\PrivateAssemblies\;c:\Program Files (x86)\Microsoft SQL Server\100\DTS\Binn\;C:\Program Files\Microsoft SQL Server\Client SDK\ODBC\110\Tools\Binn\;C:\Program Files (x86)\Microsoft SQL Server\120\Tools\Binn\;C:\Program Files\Microsoft SQL Server\120\Tools\Binn\;C:\Program Files\Microsoft SQL Server\120\DTS\Binn\;C:\Program Files (x86)\Microsoft SQL Server\120\Tools\Binn\ManagementStudio\;C:\Program Files (x86)\Microsoft SQL Server\120\DTS\Binn\;;C:\Program Files (x86)\Rust\bin;C:\Program Files\Java\jdk1.8.0_20\bin;." />
    <property name="ap.supported.internal" value="true" />
    <property name="libs.PostgreSQLDriver.javadoc" value="" />
    <property name="platforms.JDK1.8.compiler" value="modern" />
    <property name="ant.java.version" value="1.7" />
    <property name="javadoc.noindex" value="false" />
    <property name="java.class.version" value="52.0" />
    <property name="basedir" value="C:\Users\Nail\Documents\NetBeansProjects\lab1" />
    <property name="jna.boot.library.name" value="jnidispatch-410" />
    <property name="javac.test.classpath" value=":build/classes:C:\Program Files\NetBeans 8.0\platform\modules\ext\junit-4.10.jar" />
    <property name="platform.javadoc.tmp" value="${platforms.JDK1.8.javadoc}" />
    <property name="javac.processorpath" value="" />
    <property name="ant.home" value="C:\Program Files\NetBeans 8.0\extide\ant" />
    <property name="javadoc.splitindex" value="true" />
    <property name="libs.JAVADB_DRIVER_LABEL.maven-pom" value="" />
    <property name="libs.javac-api.javadoc" value="" />
    <property name="javac.test.processorpath" value=":build/classes:C:\Program Files\NetBeans 8.0\platform\modules\ext\junit-4.10.jar" />
    <property name="javadoc.preview" value="true" />
    <property name="libs.MySQLDriver.maven-pom" value="" />
    <property name="copylibs.rebase" value="true" />
    <property name="libs.CopyLibs.javadoc" value="" />
    <property name="libs.PostgreSQLDriver.classpath" value="C:\Program Files\NetBeans 8.0\ide\modules\ext\postgresql-9.2-1002.jdbc4.jar" />
    <property name="junit.forkmode" value="perTest" />
    <property name="libs.jaxws21.maven-pom" value="" />
    <property name="test.binarytestincludes" value="" />
    <property name="libs.junit_4.classpath" value="C:\Program Files\NetBeans 8.0\platform\modules\ext\junit-4.10.jar" />
    <property name="sun.boot.library.path" value="C:\Program Files\Java\jdk1.8.0_20\jre\bin" />
    <property name="nu.validator.spec.alt-advice" value="jar:file:/C:/Program%20Files/NetBeans%208.0/ide/modules/ext/validator.jar!/nu/validator/localentities/files/wiki_whatwg_org_wiki_Validator_nu_alt_advice" />
    <property name="build.dir" value="build" />
    <property name="dist.archive.excludes" value="" />
    <property name="sun.management.compiler" value="HotSpot 64-Bit Tiered Compilers" />
    <property name="user.variant" value="" />
    <property name="java.awt.graphicsenv" value="sun.awt.Win32GraphicsEnvironment" />
    <property name="libs.testng.classpath" value="C:\Program Files\NetBeans 8.0\platform\modules\ext\testng-6.8.1-dist.jar" />
    <property name="javadoc.encoding.used" value="UTF-8" />
    <property name="javadoc.windowtitle" value="" />
    <property name="libs.testng.javadoc" value="C:\Program Files\NetBeans 8.0\platform\docs\testng-6.8.1-javadoc.zip" />
    <property name="netbeans.productversion" value="NetBeans IDE 8.0.1 (Build 201408251540)" />
    <property name="run.jvmargs.ide" value="" />
    <property name="annotation.processing.enabled" value="true" />
    <property name="libs.JAXB-ENDORSED.maven-pom" value="" />
    <property name="ant.file.lab1-impl" value="C:\Users\Nail\Documents\NetBeansProjects\lab1\nbproject\build-impl.xml" />
    <property name="nb.junit.single" value="false" />
    <property name="run.jvmargs" value="" />
    <property name="build.generated.sources.dir" value="build/generated-sources" />
    <property name="build.compiler.emacs" value="true" />
    <property name="ant.project.name" value="lab1" />
    <property name="nu.validator.spec.microsyntax-descriptions" value="jar:file:/C:/Program%20Files/NetBeans%208.0/ide/modules/ext/validator.jar!/nu/validator/localentities/files/wiki_whatwg_org_wiki_MicrosyntaxDescriptions" />
    <property name="org.openide.awt.SwingBrowserImpl.do-not-block-awt" value="false" />
    <property name="java.vm.specification.version" value="1.8" />
    <property name="libs.jaxb.classpath" value="C:\Program Files\NetBeans 8.0\ide\modules\ext\jaxb\jaxb-impl.jar;C:\Program Files\NetBeans 8.0\ide\modules\ext\jaxb\jaxb-xjc.jar;C:\Program Files\NetBeans 8.0\ide\modules\ext\jaxb\jaxb1-impl.jar;C:\Program Files\NetBeans 8.0\ide\modules\ext\jaxb\activation.jar;C:\Program Files\NetBeans 8.0\ide\modules\ext\jaxb\api\jaxb-api.jar;C:\Program Files\NetBeans 8.0\ide\modules\ext\jaxb\api\jsr173_1.0_api.jar" />
    <property name="work.dir" value="C:\Users\Nail\Documents\NetBeansProjects\lab1" />
    <property name="awt.toolkit" value="sun.awt.windows.WToolkit" />
    <property name="platforms.JDK1.8.home" value="C:\Program Files\Java\jdk1.8.0_20" />
    <property name="javadoc.use" value="true" />
    <property name="sun.cpu.isalist" value="amd64" />
    <property name="java.ext.dirs" value="C:\Program Files\Java\jdk1.8.0_20\jre\lib\ext;C:\Windows\Sun\Java\lib\ext" />
    <property name="netbeans.default_userdir_root" value="C:\Users\Nail\AppData\Roaming\NetBeans" />
    <property name="os.version" value="6.1" />
    <property name="excludes" value="" />
    <property name="user.home" value="C:\Users\Nail" />
    <property name="org.xml.sax.driver" value="com.sun.org.apache.xerces.internal.jaxp.SAXParserImpl$JAXPSAXParser" />
    <property name="java.vm.vendor" value="Oracle Corporation" />
    <property name="user.dir" value="C:\Users\Nail\Documents\NetBeansProjects\lab1" />
    <property name="platform.compiler" value="${platforms.JDK1.8.compile}" />
    <property name="debug-transport" value="dt_shmem" />
    <property name="application.args" value="" />
    <property name="sun.cpu.endian" value="little" />
    <property name="compile.on.save" value="true" />
    <property name="ignore.failing.tests" value="true" />
    <property name="endorsed.classpath.cmd.line.arg" value="" />
    <property name="jar.index" value="false" />
    <property name="netbeans.automatic.build" value="true" />
    <property name="libs.MySQLDriver.src" value="" />
    <property name="test.binaryincludes" value="&lt;nothing&gt;" />
    <property name="java.vm.version" value="25.20-b23" />
    <property name="java.class.path" value="C:\Users\Nail\Documents\NetBeansProjects\lab1\build\classes;C:\Program Files\NetBeans 8.0\platform\modules\ext\junit-4.10.jar;C:\Users\Nail\Documents\NetBeansProjects\lab1\build\test\classes;C:\Program Files\NetBeans 8.0\extide\ant\lib\ant-launcher.jar;C:\Program Files\NetBeans 8.0\extide\ant\lib\ant.jar;C:\Program Files\NetBeans 8.0\extide\ant\lib\ant-junit.jar;C:\Program Files\NetBeans 8.0\extide\ant\lib\ant-junit4.jar" />
    <property name="annotation.processing.processor.options" value="" />
    <property name="nb.internal.action.name" value="test" />
    <property name="os.arch" value="amd64" />
    <property name="javac.deprecation" value="false" />
    <property name="build.classes.excludes" value="**/*.java,**/*.form" />
    <property name="dist.dir" value="dist" />
    <property name="debug.classpath" value=":build/classes" />
    <property name="netbeans.user" value="C:\Users\Nail\AppData\Roaming\NetBeans\8.0" />
    <property name="sun.java.launcher" value="SUN_STANDARD" />
    <property name="jar.index.metainf" value="false" />
    <property name="platform.java" value="C:\Program Files\Java\jdk1.8.0_20/bin/java" />
    <property name="annotation.processing.enabled.in.editor" value="false" />
    <property name="ant.core.lib" value="C:\Program Files\NetBeans 8.0\extide\ant\lib\ant.jar" />
    <property name="java.vm.specification.vendor" value="Oracle Corporation" />
    <property name="libs.JAVADB_DRIVER_LABEL.javadoc" value="" />
    <property name="do.depend" value="false" />
    <property name="file.separator" value="\" />
    <property name="java.runtime.version" value="1.8.0_20-b26" />
    <property name="sun.boot.class.path" value="C:\Program Files\Java\jdk1.8.0_20\jre\lib\resources.jar;C:\Program Files\Java\jdk1.8.0_20\jre\lib\rt.jar;C:\Program Files\Java\jdk1.8.0_20\jre\lib\sunrsasign.jar;C:\Program Files\Java\jdk1.8.0_20\jre\lib\jsse.jar;C:\Program Files\Java\jdk1.8.0_20\jre\lib\jce.jar;C:\Program Files\Java\jdk1.8.0_20\jre\lib\charsets.jar;C:\Program Files\Java\jdk1.8.0_20\jre\lib\jfr.jar;C:\Program Files\Java\jdk1.8.0_20\jre\classes" />
    <property name="debug.test.classpath" value=":build/classes:C:\Program Files\NetBeans 8.0\platform\modules\ext\junit-4.10.jar:build/test/classes" />
    <property name="nb.junit.batch" value="true" />
    <property name="main.class" value="lab1.Lab1" />
    <property name="have.tests" value="true" />
    <property name="libs.JWSAntTasks.maven-pom" value="" />
    <property name="java.util.logging.config.class" value="org.netbeans.core.startup.TopLogging" />
    <property name="libs.javac-api.classpath" value="C:\Program Files\NetBeans 8.0\java\modules\ext\nb-javac-api.jar;C:\Program Files\Java\jdk1.8.0_20\javafx-src.zip" />
    <property name="user.country" value="RU" />
    <property name="javadoc.notree" value="false" />
    <property name="platform.javac.tmp" value="${platforms.JDK1.8.javac}" />
    <property name="libs.jaxws21.javadoc" value="C:\Program Files\NetBeans 8.0\java\docs\jaxws-api-doc.zip" />
    <property name="default.javac.target" value="1.7" />
    <property name="javadoc.additionalparam" value="" />
    <property name="javac.classpath" value="" />
    <property name="build.classes.dir" value="build/classes" />
    <property name="do.archive+manifest.available" value="true" />
    <property name="javac.target" value="1.8" />
    <property name="java.vendor" value="Oracle Corporation" />
    <property name="runtime.encoding" value="UTF-8" />
    <property name="java.specification.version" value="1.8" />
    <property name="libs.JWSAntTasks.javadoc" value="" />
    <property name="sun.arch.data.model" value="64" />
    <property name="mkdist.disabled" value="false" />
  </properties>
  <testcase classname="lab1.Items.BrickTest" name="testSomeMethod" time="0.038">
    <failure message="expected:&lt; Имя: Кирпич1 Вес: 4.4&#xa;Свойства: плоский, красный, квадратный, крепкий.&gt; but was:&lt; Имя: Кирпич2 Вес: 6.1&#xa;Свойства: прямоугольный, плоский, красный, крепкий.&gt;" type="junit.framework.AssertionFailedError">junit.framework.AssertionFailedError: expected:&lt; Имя: Кирпич1 Вес: 4.4
Свойства: плоский, красный, квадратный, крепкий.&gt; but was:&lt; Имя: Кирпич2 Вес: 6.1
Свойства: прямоугольный, плоский, красный, крепкий.&gt;
	at lab1.Items.BrickTest.testSomeMethod(BrickTest.java:29)
</failure>
  </testcase>
  <system-out><![CDATA[Тест класса КИРПИЧ:
]]></system-out>
  <system-err><![CDATA[]]></system-err>
</testsuite>
